Build started 1/7/2012 10:57:43 PM.
     1>Project "D:\My Data\Source Code\GHI Gadgeteer Piezo Module Contest\arduino\PiezoModule\PiezoModule.vcxproj" on node 2 (ClCompile target(s)).
     1>ClCompile:
         c:\Program Files (x86)\Microsoft Visual Studio 10.0\VC\bin\CL.exe /c /ZI /nologo /W3 /WX- /Od /Oy- /D _MBCS /Gm /EHsc /RTC1 /MDd /GS /fp:precise /Zc:wchar_t /Zc:forScope /Fo"Debug\\" /Fd"Debug\vc100.pdb" /Gd /TC /analyze- /errorReport:prompt DaisyLink.c
         DaisyLink.c
     1>c:\program files (x86)\arduino\hardware\tools\avr\avr\include\stdlib.h(106): error C2061: syntax error : identifier '__attribute__'
     1>c:\program files (x86)\arduino\hardware\tools\avr\avr\include\stdlib.h(106): error C2059: syntax error : ';'
     1>c:\program files (x86)\arduino\hardware\tools\avr\avr\include\stdlib.h(106): error C2182: '__noreturn__' : illegal use of type 'void'
     1>c:\program files (x86)\arduino\hardware\tools\avr\avr\include\stdlib.h(111): error C2061: syntax error : identifier '__attribute__'
     1>c:\program files (x86)\arduino\hardware\tools\avr\avr\include\stdlib.h(111): error C2059: syntax error : ';'
     1>c:\program files (x86)\arduino\hardware\tools\avr\avr\include\stdlib.h(120): error C2061: syntax error : identifier '__attribute__'
     1>c:\program files (x86)\arduino\hardware\tools\avr\avr\include\stdlib.h(120): error C2059: syntax error : ';'
     1>c:\program files (x86)\arduino\hardware\tools\avr\avr\include\stdlib.h(120): warning C4142: benign redefinition of type
     1>c:\program files (x86)\arduino\hardware\tools\avr\avr\include\stdlib.h(152): error C2061: syntax error : identifier '__asm__'
     1>c:\program files (x86)\arduino\hardware\tools\avr\avr\include\stdlib.h(152): error C2059: syntax error : ';'
     1>c:\program files (x86)\arduino\hardware\tools\avr\avr\include\stdlib.h(152): error C2059: syntax error : 'string'
     1>c:\program files (x86)\arduino\hardware\tools\avr\avr\include\stdlib.h(158): error C2061: syntax error : identifier '__asm__'
     1>c:\program files (x86)\arduino\hardware\tools\avr\avr\include\stdlib.h(158): error C2059: syntax error : ';'
     1>c:\program files (x86)\arduino\hardware\tools\avr\avr\include\stdlib.h(158): error C2059: syntax error : 'string'
     1>c:\program files (x86)\arduino\hardware\tools\avr\avr\include\stdlib.h(254): error C2061: syntax error : identifier '__attribute__'
     1>c:\program files (x86)\arduino\hardware\tools\avr\avr\include\stdlib.h(254): error C2059: syntax error : ';'
     1>c:\program files (x86)\arduino\hardware\tools\avr\avr\include\stdlib.h(266): error C2061: syntax error : identifier '__attribute__'
     1>c:\program files (x86)\arduino\hardware\tools\avr\avr\include\stdlib.h(266): error C2059: syntax error : ';'
     1>c:\program files (x86)\arduino\hardware\tools\avr\avr\include\stdlib.h(266): warning C4142: benign redefinition of type
     1>c:\program files (x86)\arduino\hardware\tools\avr\avr\include\stdlib.h(278): error C2061: syntax error : identifier '__attribute__'
     1>c:\program files (x86)\arduino\hardware\tools\avr\avr\include\stdlib.h(278): error C2059: syntax error : ';'
     1>c:\program files (x86)\arduino\hardware\tools\avr\avr\include\stdlib.h(278): error C2182: '__noreturn__' : illegal use of type 'void'
     1>c:\program files (x86)\arduino\hardware\tools\avr\avr\include\stdlib.h(290): error C2061: syntax error : identifier '__attribute__'
     1>c:\program files (x86)\arduino\hardware\tools\avr\avr\include\stdlib.h(290): error C2059: syntax error : ';'
     1>c:\program files (x86)\arduino\hardware\tools\avr\avr\include\stdlib.h(290): error C2182: '__malloc__' : illegal use of type 'void'
     1>c:\program files (x86)\arduino\hardware\tools\avr\avr\include\stdlib.h(319): error C2061: syntax error : identifier '__attribute__'
     1>c:\program files (x86)\arduino\hardware\tools\avr\avr\include\stdlib.h(319): error C2059: syntax error : ';'
     1>c:\program files (x86)\arduino\hardware\tools\avr\avr\include\stdlib.h(319): error C2182: '__malloc__' : illegal use of type 'void'
     1>c:\program files (x86)\arduino\hardware\tools\avr\avr\include\stdlib.h(338): error C2061: syntax error : identifier '__attribute__'
     1>c:\program files (x86)\arduino\hardware\tools\avr\avr\include\stdlib.h(338): error C2059: syntax error : ';'
     1>c:\program files (x86)\arduino\hardware\tools\avr\avr\include\stdlib.h(338): error C2182: '__malloc__' : illegal use of type 'void'
     1>c:\program files (x86)\arduino\hardware\tools\avr\avr\include\string.h(110): error C2061: syntax error : identifier '__attribute__'
     1>c:\program files (x86)\arduino\hardware\tools\avr\avr\include\string.h(110): error C2059: syntax error : ';'
     1>c:\program files (x86)\arduino\hardware\tools\avr\avr\include\string.h(111): error C2061: syntax error : identifier '__attribute__'
     1>c:\program files (x86)\arduino\hardware\tools\avr\avr\include\string.h(111): error C2059: syntax error : ';'
     1>c:\program files (x86)\arduino\hardware\tools\avr\avr\include\string.h(112): error C2061: syntax error : identifier '__attribute__'
     1>c:\program files (x86)\arduino\hardware\tools\avr\avr\include\string.h(112): error C2059: syntax error : ';'
     1>c:\program files (x86)\arduino\hardware\tools\avr\avr\include\string.h(114): error C2061: syntax error : identifier '__attribute__'
     1>c:\program files (x86)\arduino\hardware\tools\avr\avr\include\string.h(114): error C2059: syntax error : ';'
     1>c:\program files (x86)\arduino\hardware\tools\avr\avr\include\string.h(114): error C2182: '__pure__' : illegal use of type 'void'
     1>c:\program files (x86)\arduino\hardware\tools\avr\avr\include\string.h(114): warning C4142: benign redefinition of type
     1>c:\program files (x86)\arduino\hardware\tools\avr\avr\include\string.h(115): error C2061: syntax error : identifier '__attribute__'
     1>c:\program files (x86)\arduino\hardware\tools\avr\avr\include\string.h(115): error C2059: syntax error : ';'
     1>c:\program files (x86)\arduino\hardware\tools\avr\avr\include\string.h(115): warning C4142: benign redefinition of type
     1>c:\program files (x86)\arduino\hardware\tools\avr\avr\include\string.h(117): error C2061: syntax error : identifier '__attribute__'
     1>c:\program files (x86)\arduino\hardware\tools\avr\avr\include\string.h(117): error C2059: syntax error : ';'
     1>c:\program files (x86)\arduino\hardware\tools\avr\avr\include\string.h(117): error C2182: '__pure__' : illegal use of type 'void'
     1>c:\program files (x86)\arduino\hardware\tools\avr\avr\include\string.h(117): warning C4142: benign redefinition of type
     1>c:\program files (x86)\arduino\hardware\tools\avr\avr\include\string.h(119): error C2061: syntax error : identifier '__attribute__'
     1>c:\program files (x86)\arduino\hardware\tools\avr\avr\include\string.h(119): error C2059: syntax error : ';'
     1>c:\program files (x86)\arduino\hardware\tools\avr\avr\include\string.h(119): error C2182: '__pure__' : illegal use of type 'void'
     1>c:\program files (x86)\arduino\hardware\tools\avr\avr\include\string.h(119): warning C4142: benign redefinition of type
     1>c:\program files (x86)\arduino\hardware\tools\avr\avr\include\string.h(122): error C2061: syntax error : identifier '__attribute__'
     1>c:\program files (x86)\arduino\hardware\tools\avr\avr\include\string.h(122): error C2059: syntax error : ';'
     1>c:\program files (x86)\arduino\hardware\tools\avr\avr\include\string.h(122): error C2371: '__pure__' : redefinition; different basic types
                 c:\program files (x86)\arduino\hardware\tools\avr\avr\include\stdlib.h(254) : see declaration of '__pure__'
     1>c:\program files (x86)\arduino\hardware\tools\avr\avr\include\string.h(123): error C2061: syntax error : identifier '__attribute__'
     1>c:\program files (x86)\arduino\hardware\tools\avr\avr\include\string.h(123): error C2059: syntax error : ';'
     1>c:\program files (x86)\arduino\hardware\tools\avr\avr\include\string.h(123): error C2371: '__pure__' : redefinition; different basic types
                 c:\program files (x86)\arduino\hardware\tools\avr\avr\include\stdlib.h(254) : see declaration of '__pure__'
     1>c:\program files (x86)\arduino\hardware\tools\avr\avr\include\string.h(124): error C2061: syntax error : identifier '__attribute__'
     1>c:\program files (x86)\arduino\hardware\tools\avr\avr\include\string.h(124): error C2059: syntax error : ';'
     1>c:\program files (x86)\arduino\hardware\tools\avr\avr\include\string.h(124): warning C4142: benign redefinition of type
     1>c:\program files (x86)\arduino\hardware\tools\avr\avr\include\string.h(126): error C2061: syntax error : identifier '__attribute__'
     1>c:\program files (x86)\arduino\hardware\tools\avr\avr\include\string.h(126): error C2059: syntax error : ';'
     1>c:\program files (x86)\arduino\hardware\tools\avr\avr\include\string.h(126): warning C4142: benign redefinition of type
     1>c:\program files (x86)\arduino\hardware\tools\avr\avr\include\string.h(127): error C2061: syntax error : identifier '__attribute__'
     1>c:\program files (x86)\arduino\hardware\tools\avr\avr\include\string.h(127): error C2059: syntax error : ';'
     1>c:\program files (x86)\arduino\hardware\tools\avr\avr\include\string.h(127): error C2371: '__pure__' : redefinition; different basic types
                 c:\program files (x86)\arduino\hardware\tools\avr\avr\include\stdlib.h(254) : see declaration of '__pure__'
     1>c:\program files (x86)\arduino\hardware\tools\avr\avr\include\string.h(128): error C2061: syntax error : identifier '__attribute__'
     1>c:\program files (x86)\arduino\hardware\tools\avr\avr\include\string.h(128): error C2059: syntax error : ';'
     1>c:\program files (x86)\arduino\hardware\tools\avr\avr\include\string.h(128): warning C4142: benign redefinition of type
     1>c:\program files (x86)\arduino\hardware\tools\avr\avr\include\string.h(132): error C2061: syntax error : identifier '__attribute__'
     1>c:\program files (x86)\arduino\hardware\tools\avr\avr\include\string.h(132): error C2059: syntax error : ';'
     1>c:\program files (x86)\arduino\hardware\tools\avr\avr\include\string.h(132): warning C4142: benign redefinition of type
     1>c:\program files (x86)\arduino\hardware\tools\avr\avr\include\string.h(135): error C2061: syntax error : identifier '__attribute__'
     1>c:\program files (x86)\arduino\hardware\tools\avr\avr\include\string.h(135): error C2059: syntax error : ';'
     1>c:\program files (x86)\arduino\hardware\tools\avr\avr\include\string.h(135): warning C4142: benign redefinition of type
     1>c:\program files (x86)\arduino\hardware\tools\avr\avr\include\string.h(137): error C2061: syntax error : identifier '__attribute__'
     1>c:\program files (x86)\arduino\hardware\tools\avr\avr\include\string.h(137): error C2059: syntax error : ';'
     1>c:\program files (x86)\arduino\hardware\tools\avr\avr\include\string.h(137): warning C4142: benign redefinition of type
     1>c:\program files (x86)\arduino\hardware\tools\avr\avr\include\string.h(138): error C2061: syntax error : identifier '__attribute__'
     1>c:\program files (x86)\arduino\hardware\tools\avr\avr\include\string.h(138): error C2059: syntax error : ';'
     1>c:\program files (x86)\arduino\hardware\tools\avr\avr\include\string.h(138): warning C4142: benign redefinition of type
     1>c:\program files (x86)\arduino\hardware\tools\avr\avr\include\string.h(139): error C2061: syntax error : identifier '__attribute__'
     1>c:\program files (x86)\arduino\hardware\tools\avr\avr\include\string.h(139): error C2059: syntax error : ';'
     1>c:\program files (x86)\arduino\hardware\tools\avr\avr\include\string.h(139): error C2371: '__pure__' : redefinition; different basic types
                 c:\program files (x86)\arduino\hardware\tools\avr\avr\include\stdlib.h(254) : see declaration of '__pure__'
     1>c:\program files (x86)\arduino\hardware\tools\avr\avr\include\string.h(140): error C2061: syntax error : identifier '__attribute__'
     1>c:\program files (x86)\arduino\hardware\tools\avr\avr\include\string.h(140): error C2059: syntax error : ';'
     1>c:\program files (x86)\arduino\hardware\tools\avr\avr\include\string.h(140): error C2371: '__pure__' : redefinition; different basic types
                 c:\program files (x86)\arduino\hardware\tools\avr\avr\include\stdlib.h(254) : see declaration of '__pure__'
     1>c:\program files (x86)\arduino\hardware\tools\avr\avr\include\string.h(143): error C2061: syntax error : identifier '__attribute__'
     1>c:\program files (x86)\arduino\hardware\tools\avr\avr\include\string.h(143): error C2059: syntax error : ';'
     1>c:\program files (x86)\arduino\hardware\tools\avr\avr\include\string.h(143): warning C4142: benign redefinition of type
     1>c:\program files (x86)\arduino\hardware\tools\avr\avr\include\string.h(144): error C2061: syntax error : identifier '__attribute__'
     1>c:\program files (x86)\arduino\hardware\tools\avr\avr\include\string.h(144): error C2059: syntax error : ';'
     1>c:\program files (x86)\arduino\hardware\tools\avr\avr\include\string.h(144): error C2371: '__pure__' : redefinition; different basic types
                 c:\program files (x86)\arduino\hardware\tools\avr\avr\include\stdlib.h(254) : see declaration of '__pure__'
     1>c:\program files (x86)\arduino\hardware\tools\avr\avr\include\math.h(103): error C2061: syntax error : identifier '__attribute__'
     1>c:\program files (x86)\arduino\hardware\tools\avr\avr\include\math.h(103): error C2059: syntax error : ';'
     1>c:\program files (x86)\arduino\hardware\tools\avr\avr\include\math.h(103): error C2371: '__const__' : redefinition; different basic types
                 c:\program files (x86)\arduino\hardware\tools\avr\avr\include\stdlib.h(111) : see declaration of '__const__'
     1>c:\program files (x86)\arduino\hardware\tools\avr\avr\include\math.h(111): error C2061: syntax error : identifier '__attribute__'
     1>c:\program files (x86)\arduino\hardware\tools\avr\avr\include\math.h(111): error C2059: syntax error : ';'
     1>c:\program files (x86)\arduino\hardware\tools\avr\avr\include\math.h(111): error C2371: '__const__' : redefinition; different basic types
                 c:\program files (x86)\arduino\hardware\tools\avr\avr\include\stdlib.h(111) : see declaration of '__const__'
     1>c:\program files (x86)\arduino\hardware\tools\avr\avr\include\math.h(128): error C2061: syntax error : identifier '__attribute__'
     1>c:\program files (x86)\arduino\hardware\tools\avr\avr\include\math.h(128): error C2059: syntax error : ';'
     1>c:\program files (x86)\arduino\hardware\tools\avr\avr\include\math.h(128): error C2371: '__const__' : redefinition; different basic types
                 c:\program files (x86)\arduino\hardware\tools\avr\avr\include\stdlib.h(111) : see declaration of '__const__'
     1>c:\program files (x86)\arduino\hardware\tools\avr\avr\include\math.h(150): error C2061: syntax error : identifier '__attribute__'
     1>c:\program files (x86)\arduino\hardware\tools\avr\avr\include\math.h(150): error C2059: syntax error : ';'
     1>c:\program files (x86)\arduino\hardware\tools\avr\avr\include\math.h(150): error C2371: '__const__' : redefinition; different basic types
                 c:\program files (x86)\arduino\hardware\tools\avr\avr\include\stdlib.h(111) : see declaration of '__const__'
     1>c:\program files (x86)\arduino\hardware\tools\avr\avr\include\math.h(157): error C2061: syntax error : identifier '__attribute__'
     1>c:\program files (x86)\arduino\hardware\tools\avr\avr\include\math.h(157): error C2059: syntax error : ';'
     1>c:\program files (x86)\arduino\hardware\tools\avr\avr\include\math.h(157): error C2371: '__const__' : redefinition; different basic types
                 c:\program files (x86)\arduino\hardware\tools\avr\avr\include\stdlib.h(111) : see declaration of '__const__'
     1>c:\program files (x86)\arduino\hardware\tools\avr\avr\include\math.h(165): error C2061: syntax error : identifier '__attribute__'
     1>c:\program files (x86)\arduino\hardware\tools\avr\avr\include\math.h(165): error C2059: syntax error : ';'
     1>c:\program files (x86)\arduino\hardware\tools\avr\avr\include\math.h(165): error C2371: '__const__' : redefinition; different basic types
                 c:\program files (x86)\arduino\hardware\tools\avr\avr\include\stdlib.h(111) : see declaration of '__const__'
     1>c:\program files (x86)\arduino\hardware\tools\avr\avr\include\math.h(173): error C2061: syntax error : identifier '__attribute__'
     1>c:\program files (x86)\arduino\hardware\tools\avr\avr\include\math.h(173): error C2059: syntax error : ';'
     1>c:\program files (x86)\arduino\hardware\tools\avr\avr\include\math.h(173): error C2371: '__const__' : redefinition; different basic types
                 c:\program files (x86)\arduino\hardware\tools\avr\avr\include\stdlib.h(111) : see declaration of '__const__'
     1>c:\program files (x86)\arduino\hardware\tools\avr\avr\include\math.h(173): fatal error C1003: error count exceeds 100; stopping compilation
     1>Done Building Project "D:\My Data\Source Code\GHI Gadgeteer Piezo Module Contest\arduino\PiezoModule\PiezoModule.vcxproj" (ClCompile target(s)) -- FAILED.

Build FAILED.

Time Elapsed 00:00:01.66
